2023-09-10 17:10:01,617 40 Internal Server Error: /news/1 C:\Users\\PycharmProjects\project_dir\venv\lib\site-packages\django\utils\log.py (<class 'NameError'>, NameError("name 'cache' is not defined"), <traceback object at 0x000001DFC66F5DC0>)
Traceback (most recent call last):
  File "C:\Users\\PycharmProjects\project_dir\venv\lib\site-packages\django\core\handlers\exception.py", line 55, in inner
    response = get_response(request)
  File "C:\Users\\PycharmProjects\project_dir\venv\lib\site-packages\django\core\handlers\base.py", line 197, in _get_response
    response = wrapped_callback(request, *callback_args, **callback_kwargs)
  File "C:\Users\\PycharmProjects\project_dir\venv\lib\site-packages\django\utils\decorators.py", line 134, in _wrapper_view
    response = view_func(request, *args, **kwargs)
  File "C:\Users\\PycharmProjects\project_dir\venv\lib\site-packages\django\views\generic\base.py", line 104, in view
    return self.dispatch(request, *args, **kwargs)
  File "C:\Users\\PycharmProjects\project_dir\venv\lib\site-packages\django\views\generic\base.py", line 143, in dispatch
    return handler(request, *args, **kwargs)
  File "C:\Users\\PycharmProjects\project_dir\venv\lib\site-packages\django\views\generic\detail.py", line 108, in get
    self.object = self.get_object()
  File "C:\Users\\PycharmProjects\project_dir\NewsPaper\news\views.py", line 62, in get_object
    obj = cache.get(f'post-{self.kwargs["pk"]}',
NameError: name 'cache' is not defined
2023-09-10 17:10:01,620 40 "GET /news/1 HTTP/1.1" 500 90731 C:\Users\\PycharmProjects\project_dir\venv\lib\site-packages\django\core\servers\basehttp.py None
2023-09-10 17:10:06,286 40 Internal Server Error: /news/2 C:\Users\\PycharmProjects\project_dir\venv\lib\site-packages\django\utils\log.py (<class 'NameError'>, NameError("name 'cache' is not defined"), <traceback object at 0x000001DFC67D6640>)
Traceback (most recent call last):
  File "C:\Users\\PycharmProjects\project_dir\venv\lib\site-packages\django\core\handlers\exception.py", line 55, in inner
    response = get_response(request)
  File "C:\Users\\PycharmProjects\project_dir\venv\lib\site-packages\django\core\handlers\base.py", line 197, in _get_response
    response = wrapped_callback(request, *callback_args, **callback_kwargs)
  File "C:\Users\\PycharmProjects\project_dir\venv\lib\site-packages\django\utils\decorators.py", line 134, in _wrapper_view
    response = view_func(request, *args, **kwargs)
  File "C:\Users\\PycharmProjects\project_dir\venv\lib\site-packages\django\views\generic\base.py", line 104, in view
    return self.dispatch(request, *args, **kwargs)
  File "C:\Users\\PycharmProjects\project_dir\venv\lib\site-packages\django\views\generic\base.py", line 143, in dispatch
    return handler(request, *args, **kwargs)
  File "C:\Users\\PycharmProjects\project_dir\venv\lib\site-packages\django\views\generic\detail.py", line 108, in get
    self.object = self.get_object()
  File "C:\Users\\PycharmProjects\project_dir\NewsPaper\news\views.py", line 62, in get_object
    obj = cache.get(f'post-{self.kwargs["pk"]}',
NameError: name 'cache' is not defined
2023-09-10 17:10:06,289 40 "GET /news/2 HTTP/1.1" 500 90731 C:\Users\\PycharmProjects\project_dir\venv\lib\site-packages\django\core\servers\basehttp.py None
2023-09-10 17:11:06,084 40 Internal Server Error: /news/5 C:\Users\\PycharmProjects\project_dir\venv\lib\site-packages\django\utils\log.py (<class 'NameError'>, NameError("name 'cache' is not defined"), <traceback object at 0x000001DFC6770F80>)
Traceback (most recent call last):
  File "C:\Users\\PycharmProjects\project_dir\venv\lib\site-packages\django\core\handlers\exception.py", line 55, in inner
    response = get_response(request)
  File "C:\Users\\PycharmProjects\project_dir\venv\lib\site-packages\django\core\handlers\base.py", line 197, in _get_response
    response = wrapped_callback(request, *callback_args, **callback_kwargs)
  File "C:\Users\\PycharmProjects\project_dir\venv\lib\site-packages\django\utils\decorators.py", line 134, in _wrapper_view
    response = view_func(request, *args, **kwargs)
  File "C:\Users\\PycharmProjects\project_dir\venv\lib\site-packages\django\views\generic\base.py", line 104, in view
    return self.dispatch(request, *args, **kwargs)
  File "C:\Users\\PycharmProjects\project_dir\venv\lib\site-packages\django\views\generic\base.py", line 143, in dispatch
    return handler(request, *args, **kwargs)
  File "C:\Users\\PycharmProjects\project_dir\venv\lib\site-packages\django\views\generic\detail.py", line 108, in get
    self.object = self.get_object()
  File "C:\Users\\PycharmProjects\project_dir\NewsPaper\news\views.py", line 62, in get_object
    obj = cache.get(f'post-{self.kwargs["pk"]}',
NameError: name 'cache' is not defined
2023-09-10 17:11:06,086 40 "GET /news/5 HTTP/1.1" 500 90731 C:\Users\\PycharmProjects\project_dir\venv\lib\site-packages\django\core\servers\basehttp.py None
2023-09-10 17:26:06,535 40 Internal Server Error: /news/3 C:\Users\\PycharmProjects\project_dir\venv\lib\site-packages\django\utils\log.py (<class 'NameError'>, NameError("name 'cache' is not defined"), <traceback object at 0x000001BC092E8780>)
Traceback (most recent call last):
  File "C:\Users\\PycharmProjects\project_dir\venv\lib\site-packages\django\core\handlers\exception.py", line 55, in inner
    response = get_response(request)
  File "C:\Users\\PycharmProjects\project_dir\venv\lib\site-packages\django\core\handlers\base.py", line 197, in _get_response
    response = wrapped_callback(request, *callback_args, **callback_kwargs)
  File "C:\Users\\PycharmProjects\project_dir\venv\lib\site-packages\django\utils\decorators.py", line 134, in _wrapper_view
    response = view_func(request, *args, **kwargs)
  File "C:\Users\\PycharmProjects\project_dir\venv\lib\site-packages\django\views\generic\base.py", line 104, in view
    return self.dispatch(request, *args, **kwargs)
  File "C:\Users\\PycharmProjects\project_dir\venv\lib\site-packages\django\views\generic\base.py", line 143, in dispatch
    return handler(request, *args, **kwargs)
  File "C:\Users\\PycharmProjects\project_dir\venv\lib\site-packages\django\views\generic\detail.py", line 108, in get
    self.object = self.get_object()
  File "C:\Users\\PycharmProjects\project_dir\NewsPaper\news\views.py", line 62, in get_object
    obj = cache.get(f'post-{self.kwargs["pk"]}',
NameError: name 'cache' is not defined
2023-09-10 17:26:06,538 40 "GET /news/3 HTTP/1.1" 500 90885 C:\Users\\PycharmProjects\project_dir\venv\lib\site-packages\django\core\servers\basehttp.py None
2023-09-10 17:28:12,201 40 Internal Server Error: /accounts/login/ C:\Users\\PycharmProjects\project_dir\venv\lib\site-packages\django\utils\log.py (<class 'smtplib.SMTPAuthenticationError'>, SMTPAuthenticationError(535, b'5.7.8 Error: authentication failed: Invalid user or password! 1694348890-ASb4viVWva60'), <traceback object at 0x000001BC09493400>)
Traceback (most recent call last):
  File "C:\Users\\PycharmProjects\project_dir\venv\lib\site-packages\allauth\account\utils.py", line 313, in send_email_confirmation
    email_address = EmailAddress.objects.get_for_user(user, email)
  File "C:\Users\\PycharmProjects\project_dir\venv\lib\site-packages\allauth\account\managers.py", line 54, in get_for_user
    ret = self.get(user=user, email__iexact=email)
  File "C:\Users\\PycharmProjects\project_dir\venv\lib\site-packages\django\db\models\manager.py", line 87, in manager_method
    return getattr(self.get_queryset(), name)(*args, **kwargs)
  File "C:\Users\\PycharmProjects\project_dir\venv\lib\site-packages\django\db\models\query.py", line 637, in get
    raise self.model.DoesNotExist(
allauth.account.models.EmailAddress.DoesNotExist: EmailAddress matching query does not exist.

During handling of the above exception, another exception occurred:

Traceback (most recent call last):
  File "C:\Users\\PycharmProjects\project_dir\venv\lib\site-packages\django\core\handlers\exception.py", line 55, in inner
    response = get_response(request)
  File "C:\Users\\PycharmProjects\project_dir\venv\lib\site-packages\django\core\handlers\base.py", line 197, in _get_response
    response = wrapped_callback(request, *callback_args, **callback_kwargs)
  File "C:\Users\\PycharmProjects\project_dir\venv\lib\site-packages\django\views\generic\base.py", line 104, in view
    return self.dispatch(request, *args, **kwargs)
  File "C:\Users\\PycharmProjects\project_dir\venv\lib\site-packages\django\utils\decorators.py", line 46, in _wrapper
    return bound_method(*args, **kwargs)
  File "C:\Users\\PycharmProjects\project_dir\venv\lib\site-packages\django\views\decorators\debug.py", line 92, in sensitive_post_parameters_wrapper
    return view(request, *args, **kwargs)
  File "C:\Users\\PycharmProjects\project_dir\venv\lib\site-packages\allauth\account\views.py", line 149, in dispatch
    return super(LoginView, self).dispatch(request, *args, **kwargs)
  File "C:\Users\\PycharmProjects\project_dir\venv\lib\site-packages\allauth\account\views.py", line 77, in dispatch
    response = super(RedirectAuthenticatedUserMixin, self).dispatch(
  File "C:\Users\\PycharmProjects\project_dir\venv\lib\site-packages\django\views\generic\base.py", line 143, in dispatch
    return handler(request, *args, **kwargs)
  File "C:\Users\\PycharmProjects\project_dir\venv\lib\site-packages\allauth\account\views.py", line 105, in post
    response = self.form_valid(form)
  File "C:\Users\\PycharmProjects\project_dir\venv\lib\site-packages\allauth\account\views.py", line 162, in form_valid
    return form.login(self.request, redirect_url=success_url)
  File "C:\Users\\PycharmProjects\project_dir\venv\lib\site-packages\allauth\account\forms.py", line 196, in login
    ret = perform_login(
  File "C:\Users\\PycharmProjects\project_dir\venv\lib\site-packages\allauth\account\utils.py", line 168, in perform_login
    response = adapter.pre_login(request, user, **hook_kwargs)
  File "C:\Users\\PycharmProjects\project_dir\venv\lib\site-packages\allauth\account\adapter.py", line 412, in pre_login
    send_email_confirmation(request, user, signup=signup, email=email)
  File "C:\Users\\PycharmProjects\project_dir\venv\lib\site-packages\allauth\account\utils.py", line 324, in send_email_confirmation
    email_address = EmailAddress.objects.add_email(
  File "C:\Users\\PycharmProjects\project_dir\venv\lib\site-packages\allauth\account\managers.py", line 24, in add_email
    email_address.send_confirmation(request, signup=signup)
  File "C:\Users\\PycharmProjects\project_dir\venv\lib\site-packages\allauth\account\models.py", line 60, in send_confirmation
    confirmation.send(request, signup=signup)
  File "C:\Users\\PycharmProjects\project_dir\venv\lib\site-packages\allauth\account\models.py", line 168, in send
    get_adapter(request).send_confirmation_mail(request, self, signup)
  File "C:\Users\\PycharmProjects\project_dir\venv\lib\site-packages\allauth\account\adapter.py", line 549, in send_confirmation_mail
    self.send_mail(email_template, emailconfirmation.email_address.email, ctx)
  File "C:\Users\\PycharmProjects\project_dir\venv\lib\site-packages\allauth\account\adapter.py", line 140, in send_mail
    msg.send()
  File "C:\Users\\PycharmProjects\project_dir\venv\lib\site-packages\django\core\mail\message.py", line 298, in send
    return self.get_connection(fail_silently).send_messages([self])
  File "C:\Users\\PycharmProjects\project_dir\venv\lib\site-packages\django\core\mail\backends\smtp.py", line 127, in send_messages
    new_conn_created = self.open()
  File "C:\Users\\PycharmProjects\project_dir\venv\lib\site-packages\django\core\mail\backends\smtp.py", line 94, in open
    self.connection.login(self.username, self.password)
  File "C:\Users\\AppData\Local\Programs\Python\Python38\lib\smtplib.py", line 743, in login
    raise last_exception
  File "C:\Users\\AppData\Local\Programs\Python\Python38\lib\smtplib.py", line 732, in login
    (code, resp) = self.auth(
  File "C:\Users\\AppData\Local\Programs\Python\Python38\lib\smtplib.py", line 655, in auth
    raise SMTPAuthenticationError(code, resp)
smtplib.SMTPAuthenticationError: (535, b'5.7.8 Error: authentication failed: Invalid user or password! 1694348890-ASb4viVWva60')
2023-09-10 17:28:12,209 40 "POST /accounts/login/ HTTP/1.1" 500 195892 C:\Users\\PycharmProjects\project_dir\venv\lib\site-packages\django\core\servers\basehttp.py None
2023-09-10 17:36:54,717 ERROR Internal Server Error: /news/8 C:\Users\\PycharmProjects\project_dir\venv\lib\site-packages\django\utils\log.py (<class 'NameError'>, NameError("name 'cache' is not defined"), <traceback object at 0x000001D43420C440>)
Traceback (most recent call last):
  File "C:\Users\\PycharmProjects\project_dir\venv\lib\site-packages\django\core\handlers\exception.py", line 55, in inner
    response = get_response(request)
  File "C:\Users\\PycharmProjects\project_dir\venv\lib\site-packages\django\core\handlers\base.py", line 197, in _get_response
    response = wrapped_callback(request, *callback_args, **callback_kwargs)
  File "C:\Users\\PycharmProjects\project_dir\venv\lib\site-packages\django\utils\decorators.py", line 134, in _wrapper_view
    response = view_func(request, *args, **kwargs)
  File "C:\Users\\PycharmProjects\project_dir\venv\lib\site-packages\django\views\generic\base.py", line 104, in view
    return self.dispatch(request, *args, **kwargs)
  File "C:\Users\\PycharmProjects\project_dir\venv\lib\site-packages\django\views\generic\base.py", line 143, in dispatch
    return handler(request, *args, **kwargs)
  File "C:\Users\\PycharmProjects\project_dir\venv\lib\site-packages\django\views\generic\detail.py", line 108, in get
    self.object = self.get_object()
  File "C:\Users\\PycharmProjects\project_dir\NewsPaper\news\views.py", line 62, in get_object
    obj = cache.get(f'post-{self.kwargs["pk"]}',
NameError: name 'cache' is not defined
2023-09-10 17:36:54,723 ERROR "GET /news/8 HTTP/1.1" 500 92225 C:\Users\\PycharmProjects\project_dir\venv\lib\site-packages\django\core\servers\basehttp.py None
